ios/build/DeBank/Build/Products/Debug-iphonesimulator/DeBank.app/react-native-keychain/android/build/outputs/logs/manifest-merger-debug-report.txt
-- Merging decision tree log ---
manifest
ADDED from src/main/AndroidManifest.xml:1:1-4:12
INJECTED from src/main/AndroidManifest.xml:1:1-4:12
INJECTED from src/main/AndroidManifest.xml:1:1-4:12
INJECTED from src/main/AndroidManifest.xml:1:1-4:12
INJECTED from src/main/AndroidManifest.xml:1:1-4:12
INJECTED from src/main/AndroidManifest.xml:1:1-4:12
INJECTED from src/main/AndroidManifest.xml:1:1-4:12
	package
		ADDED from src/main/AndroidManifest.xml:2:5-35
		INJECTED from src/main/AndroidManifest.xml
		INJECTED from src/main/AndroidManifest.xml
	android:versionName
		INJECTED from src/main/AndroidManifest.xml
		ADDED from src/main/AndroidManifest.xml:1:1-4:12
		INJECTED from src/main/AndroidManifest.xml
	android:versionCode
		INJECTED from src/main/AndroidManifest.xml
		ADDED from src/main/AndroidManifest.xml:1:1-4:12
		INJECTED from src/main/AndroidManifest.xml
	xmlns:android
		ADDED from src/main/AndroidManifest.xml:1:11-69
uses-permission#android.permission.USE_FINGERPRINT
ADDED from src/main/AndroidManifest.xml:3:3-73
	android:name
		ADDED from src/main/AndroidManifest.xml:3:21-70
uses-sdk
INJECTED from src/main/AndroidManifest.xml reason: use-sdk injection requested
INJECTED from src/main/AndroidManifest.xml
INJECTED from src/main/AndroidManifest.xml
INJECTED from src/main/AndroidManifest.xml
INJECTED from src/main/AndroidManifest.xml
	android:targetSdkVersion
		INJECTED from src/main/AndroidManifest.xml
		ADDED from src/main/AndroidManifest.xml
		INJECTED from src/main/AndroidManifest.xml
	android:minSdkVersion
		INJECTED from src/main/AndroidManifest.xml
		ADDED from src/main/AndroidManifest.xml
		INJECTED from src/main/AndroidManifest.xml